mode: set
github.com/WolvenSpirit/observable/observable.go:32.24,35.2 2 1
github.com/WolvenSpirit/observable/observable.go:38.46,39.20 1 1
github.com/WolvenSpirit/observable/observable.go:39.20,44.29 1 1
github.com/WolvenSpirit/observable/observable.go:44.29,45.43 1 1
github.com/WolvenSpirit/observable/observable.go:45.43,47.5 1 1
github.com/WolvenSpirit/observable/observable.go:51.39,53.2 1 1
github.com/WolvenSpirit/observable/observable.go:56.60,57.15 1 1
github.com/WolvenSpirit/observable/observable.go:60.2,63.12 4 1
github.com/WolvenSpirit/observable/observable.go:57.15,59.3 1 1
github.com/WolvenSpirit/observable/observable.go:67.77,68.11 1 1
github.com/WolvenSpirit/observable/observable.go:68.11,69.10 1 1
github.com/WolvenSpirit/observable/observable.go:70.19,71.35 1 1
github.com/WolvenSpirit/observable/observable.go:71.35,73.5 1 1
github.com/WolvenSpirit/observable/observable.go:79.30,80.28 1 1
github.com/WolvenSpirit/observable/observable.go:80.28,82.9 2 1
github.com/WolvenSpirit/observable/observable.go:82.9,84.4 1 1
